Build started 7/2/2012 8:24:27 PM.
     1>Project "C:\DeadSilent\src\game\server\server_episodic-2005.vcxproj" on node 2 (build target(s)).
     1>InitializeBuildStatus:
         Creating ".\Debug_episodic\Server Episodic.unsuccessfulbuild" because "AlwaysCreate" was specified.
       ClCompile:
         All outputs are up-to-date.
         C:\Program Files (x86)\Microsoft Visual Studio 10.0\VC\bin\CL.exe /c /I..\..\common /I..\..\public /I..\..\public\tier0 /I..\..\public\tier1 /I.\ /I..\..\game\shared /I..\..\utils\common /I..\..\game\shared\hl2 /I..\..\game\shared\episodic /I.\hl2 /I.\episodic /ZI /nologo /W4 /WX- /Od /Oy- /D WIN32 /D _WIN32 /D _DEBUG /D DEBUG /D _WINDOWS /D _USRDLL /D _CRT_SECURE_NO_DEPRECATE /D _CRT_NONSTDC_NO_DEPRECATE /D GAME_DLL /D VECTOR /D VERSION_SAFE_STEAM_API_INTERFACES /D PROTECTED_THINGS_ENABLE /D fopen=dont_use_fopen /D sprintf=use_Q_snprintf_instead_of_sprintf /D strncpy=use_Q_strncpy_instead /D _snprintf=use_Q_snprintf_instead /D HL2_DLL /D HL2_EPISODIC /D SP_SDK /D USES_SAVERESTORE /D _WINDLL /D _MBCS /GF /Gm /RTC1 /MTd /GS- /fp:fast /Zc:wchar_t /Zc:forScope /GR /Yu"cbase.h" /Fp".\Debug_episodic\server.pch" /Fo".\Debug_episodic\\" /Fd".\Debug_episodic\vc100.pdb" /Gd /TP /analyze- /errorReport:prompt hl2\weapon_rpg.cpp
         weapon_rpg.cpp
         All outputs are up-to-date.
       Link:
         C:\Program Files (x86)\Microsoft Visual Studio 10.0\VC\bin\link.exe /ERRORREPORT:PROMPT /OUT:".\Debug_episodic\Server.dll" /INCREMENTAL /NOLOGO /LIBPATH:..\..\lib\common /LIBPATH:..\..\lib\public winmm.lib kernel32.lib user32.lib gdi32.lib winspool.lib comdlg32.lib advapi32.lib shell32.lib ole32.lib oleaut32.lib uuid.lib odbc32.lib odbccp32.lib /NODEFAULTLIB:libc /NODEFAULTLIB:libcd /NODEFAULTLIB:libcmtd /MANIFEST:NO /DEBUG /PDB:".\Debug_episodic\server.pdb" /MAP:".\Debug_episodic\server.map" /SUBSYSTEM:WINDOWS /TLBID:1 /DYNAMICBASE /NXCOMPAT /IMPLIB:".\Debug_episodic\server.lib" /MACHINE:X86 /DLL .\Debug_episodic\achievement_saverestore.obj
         .\Debug_episodic\achievementmgr.obj
         .\Debug_episodic\achievements_hlx.obj
         .\Debug_episodic\activitylist.obj
         .\Debug_episodic\ai_activity.obj
         .\Debug_episodic\ai_baseactor.obj
         .\Debug_episodic\ai_basehumanoid.obj
         .\Debug_episodic\ai_basenpc.obj
         .\Debug_episodic\ai_basenpc_flyer.obj
         .\Debug_episodic\ai_basenpc_flyer_new.obj
         .\Debug_episodic\ai_basenpc_movement.obj
         .\Debug_episodic\ai_basenpc_physicsflyer.obj
         .\Debug_episodic\ai_basenpc_schedule.obj
         .\Debug_episodic\ai_basenpc_squad.obj
         .\Debug_episodic\ai_behavior.obj
         .\Debug_episodic\ai_behavior_assault.obj
         .\Debug_episodic\ai_behavior_fear.obj
         .\Debug_episodic\ai_behavior_follow.obj
         .\Debug_episodic\ai_behavior_lead.obj
         .\Debug_episodic\ai_behavior_rappel.obj
         .\Debug_episodic\ai_behavior_standoff.obj
         .\Debug_episodic\ai_blended_movement.obj
         .\Debug_episodic\ai_concommands.obj
         .\Debug_episodic\ai_condition.obj
         .\Debug_episodic\AI_Criteria.obj
         .\Debug_episodic\ai_default.obj
         .\Debug_episodic\ai_dynamiclink.obj
         .\Debug_episodic\ai_event.obj
         .\Debug_episodic\ai_eventresponse.obj
         .\Debug_episodic\ai_goalentity.obj
         .\Debug_episodic\ai_hint.obj
         .\Debug_episodic\ai_hull.obj
         .\Debug_episodic\ai_initutils.obj
         .\Debug_episodic\AI_Interest_Target.obj
         .\Debug_episodic\ai_link.obj
         .\Debug_episodic\ai_localnavigator.obj
         .\Debug_episodic\ai_looktarget.obj
         .\Debug_episodic\ai_memory.obj
         .\Debug_episodic\ai_motor.obj
         .\Debug_episodic\ai_moveprobe.obj
         .\Debug_episodic\ai_moveshoot.obj
         .\Debug_episodic\ai_movesolver.obj
         .\Debug_episodic\ai_namespaces.obj
         .\Debug_episodic\ai_navigator.obj
         .\Debug_episodic\ai_network.obj
         .\Debug_episodic\ai_networkmanager.obj
         .\Debug_episodic\ai_node.obj
         .\Debug_episodic\ai_pathfinder.obj
         .\Debug_episodic\ai_planesolver.obj
         .\Debug_episodic\ai_playerally.obj
         .\Debug_episodic\ai_relationship.obj
         .\Debug_episodic\AI_ResponseSystem.obj
         .\Debug_episodic\ai_route.obj
         .\Debug_episodic\ai_saverestore.obj
         .\Debug_episodic\ai_schedule.obj
         .\Debug_episodic\ai_scriptconditions.obj
         .\Debug_episodic\ai_senses.obj
         .\Debug_episodic\ai_sentence.obj
         .\Debug_episodic\ai_speech.obj
         .\Debug_episodic\ai_speechfilter.obj
         .\Debug_episodic\ai_squad.obj
         .\Debug_episodic\ai_squadslot.obj
         .\Debug_episodic\ai_tacticalservices.obj
         .\Debug_episodic\ai_task.obj
         .\Debug_episodic\ai_trackpather.obj
         .\Debug_episodic\ai_utils.obj
         .\Debug_episodic\ai_waypoint.obj
         .\Debug_episodic\ammodef.obj
         .\Debug_episodic\animation.obj
         .\Debug_episodic\base_gameinterface.obj
         .\Debug_episodic\base_playeranimstate.obj
         .\Debug_episodic\base_transmit_proxy.obj
         .\Debug_episodic\baseachievement.obj
         .\Debug_episodic\baseanimating.obj
         .\Debug_episodic\BaseAnimatingOverlay.obj
         .\Debug_episodic\basecombatcharacter.obj
         .\Debug_episodic\basecombatcharacter_shared.obj
         .\Debug_episodic\basecombatweapon.obj
         .\Debug_episodic\basecombatweapon_shared.obj
         .\Debug_episodic\baseentity.obj
         .\Debug_episodic\baseentity_shared.obj
         .\Debug_episodic\baseflex.obj
         .\Debug_episodic\basegrenade_concussion.obj
         .\Debug_episodic\basegrenade_contact.obj
         .\Debug_episodic\basegrenade_shared.obj
         .\Debug_episodic\basegrenade_timed.obj
         .\Debug_episodic\basemultiplayerplayer.obj
         .\Debug_episodic\baseparticleentity.obj
         .\Debug_episodic\baseplayer_shared.obj
         .\Debug_episodic\baseviewmodel.obj
         .\Debug_episodic\baseviewmodel_shared.obj
         .\Debug_episodic\beam_shared.obj
         .\Debug_episodic\bitstring.obj
         .\Debug_episodic\bmodels.obj
         .\Debug_episodic\bone_setup.obj
         .\Debug_episodic\buttons.obj
         .\Debug_episodic\cbase.obj
         .\Debug_episodic\client.obj
         .\Debug_episodic\collisionproperty.obj
         .\Debug_episodic\collisionutils.obj
         .\Debug_episodic\colorcorrection.obj
         .\Debug_episodic\colorcorrectionvolume.obj
         .\Debug_episodic\CommentarySystem.obj
         .\Debug_episodic\controlentities.obj
         .\Debug_episodic\cplane.obj
         .\Debug_episodic\CRagdollMagnet.obj
         .\Debug_episodic\damagemodifier.obj
         .\Debug_episodic\death_pose.obj
         .\Debug_episodic\debugoverlay_shared.obj
         .\Debug_episodic\decals.obj
         .\Debug_episodic\doors.obj
         .\Debug_episodic\dt_send.obj
         .\Debug_episodic\dt_utlvector_common.obj
         .\Debug_episodic\dt_utlvector_send.obj
         .\Debug_episodic\dynamiclight.obj
         .\Debug_episodic\editor_sendcommand.obj
         .\Debug_episodic\effect_dispatch_data.obj
         .\Debug_episodic\effects.obj
         .\Debug_episodic\EffectsServer.obj
         .\Debug_episodic\ehandle.obj
         .\Debug_episodic\entityblocker.obj
         .\Debug_episodic\EntityDissolve.obj
         .\Debug_episodic\EntityFlame.obj
         .\Debug_episodic\entitylist.obj
         .\Debug_episodic\entitylist_base.obj
         .\Debug_episodic\EntityParticleTrail.obj
         .\Debug_episodic\EntityParticleTrail_Shared.obj
         .\Debug_episodic\env_debughistory.obj
         .\Debug_episodic\env_detail_controller.obj
         .\Debug_episodic\env_effectsscript.obj
         .\Debug_episodic\env_entity_maker.obj
         .\Debug_episodic\env_particlescript.obj
         .\Debug_episodic\env_player_surface_trigger.obj
         .\Debug_episodic\env_projectedtexture.obj
         .\Debug_episodic\env_screenoverlay.obj
         .\Debug_episodic\env_texturetoggle.obj
         .\Debug_episodic\env_tonemap_controller.obj
         .\Debug_episodic\env_wind_shared.obj
         .\Debug_episodic\env_zoom.obj
         .\Debug_episodic\EnvBeam.obj
         .\Debug_episodic\EnvFade.obj
         .\Debug_episodic\EnvHudHint.obj
         .\Debug_episodic\EnvLaser.obj
         .\Debug_episodic\EnvMessage.obj
         .\Debug_episodic\envmicrophone.obj
         .\Debug_episodic\EnvShake.obj
         .\Debug_episodic\EnvSpark.obj
         .\Debug_episodic\eventlist.obj
         .\Debug_episodic\EventLog.obj
         .\Debug_episodic\explode.obj
         .\Debug_episodic\filesystem_helpers.obj
         .\Debug_episodic\filters.obj
         .\Debug_episodic\fire.obj
         .\Debug_episodic\fire_smoke.obj
         .\Debug_episodic\fish.obj
         .\Debug_episodic\fogcontroller.obj
         .\Debug_episodic\fourwheelvehiclephysics.obj
         .\Debug_episodic\func_areaportal.obj
         .\Debug_episodic\func_areaportalbase.obj
         .\Debug_episodic\func_areaportalwindow.obj
         .\Debug_episodic\func_break.obj
         .\Debug_episodic\func_breakablesurf.obj
         .\Debug_episodic\func_dust.obj
         .\Debug_episodic\func_ladder.obj
         .\Debug_episodic\func_ladder_endpoint.obj
         .\Debug_episodic\func_lod.obj
         .\Debug_episodic\func_movelinear.obj
         .\Debug_episodic\func_occluder.obj
         .\Debug_episodic\func_reflective_glass.obj
         .\Debug_episodic\func_smokevolume.obj
         .\Debug_episodic\game.obj
         .\Debug_episodic\game_ui.obj
         .\Debug_episodic\gamehandle.obj
         .\Debug_episodic\gameinterface.obj
         .\Debug_episodic\gamemovement.obj
         .\Debug_episodic\gamerules.obj
         .\Debug_episodic\gamerules_register.obj
         .\Debug_episodic\GameStats.obj
         .\Debug_episodic\GameStats_BasicStatsFunctions.obj
         .\Debug_episodic\gamestringpool.obj
         .\Debug_episodic\gametrace_dll.obj
         .\Debug_episodic\gamevars_shared.obj
         .\Debug_episodic\gameweaponmanager.obj
         .\Debug_episodic\genericactor.obj
         .\Debug_episodic\genericmonster.obj
         .\Debug_episodic\gib.obj
         .\Debug_episodic\globals.obj
         .\Debug_episodic\globalstate.obj
         .\Debug_episodic\grenadethrown.obj
         .\Debug_episodic\guntarget.obj
         .\Debug_episodic\h_ai.obj
         .\Debug_episodic\h_cycler.obj
         .\Debug_episodic\h_export.obj
         .\Debug_episodic\hierarchy.obj
         .\Debug_episodic\hintmessage.obj
         .\Debug_episodic\hintsystem.obj
         .\Debug_episodic\hltvdirector.obj
         .\Debug_episodic\igamesystem.obj
         .\Debug_episodic\info_camera_link.obj
         .\Debug_episodic\info_overlay_accessor.obj
         .\Debug_episodic\init_factory.obj
         .\Debug_episodic\intermission.obj
         .\Debug_episodic\interpolatortypes.obj
         .\Debug_episodic\interval.obj
         .\Debug_episodic\item_world.obj
         .\Debug_episodic\keyframe.obj
         .\Debug_episodic\lightglow.obj
         .\Debug_episodic\lights.obj
         .\Debug_episodic\logic_achievement.obj
         .\Debug_episodic\logic_measure_movement.obj
         .\Debug_episodic\logic_navigation.obj
         .\Debug_episodic\logicauto.obj
         .\Debug_episodic\logicentities.obj
         .\Debug_episodic\logicrelay.obj
         .\Debug_episodic\map_utils.obj
         .\Debug_episodic\mapentities.obj
         .\Debug_episodic\mapentities_shared.obj
         .\Debug_episodic\maprules.obj
         .\Debug_episodic\MaterialModifyControl.obj
         .\Debug_episodic\memoverride.obj
         .\Debug_episodic\message_entity.obj
         .\Debug_episodic\modelentities.obj
         .\Debug_episodic\ModelSoundsCache.obj
         .\Debug_episodic\monstermaker.obj
         .\Debug_episodic\movehelper_server.obj
         .\Debug_episodic\movement.obj
         .\Debug_episodic\movevars_shared.obj
         .\Debug_episodic\mp_shareddefs.obj
         .\Debug_episodic\multiplay_gamerules.obj
         .\Debug_episodic\nav_area.obj
         .\Debug_episodic\nav_colors.obj
         .\Debug_episodic\nav_edit.obj
         .\Debug_episodic\nav_file.obj
         .\Debug_episodic\nav_generate.obj
         .\Debug_episodic\nav_ladder.obj
         .\Debug_episodic\nav_mesh.obj
         .\Debug_episodic\nav_node.obj
         .\Debug_episodic\ndebugoverlay.obj
         .\Debug_episodic\networkvar.obj
         .\Debug_episodic\npc_vehicledriver.obj
         .\Debug_episodic\obstacle_pushaway.obj
         .\Debug_episodic\particle_light.obj
         .\Debug_episodic\particle_parse.obj
         .\Debug_episodic\particle_system.obj
         .\Debug_episodic\particlesystemquery.obj
         .\Debug_episodic\pathcorner.obj
         .\Debug_episodic\pathtrack.obj
         .\Debug_episodic\phys_controller.obj
         .\Debug_episodic\physconstraint.obj
         .\Debug_episodic\physics.obj
         .\Debug_episodic\physics_bone_follower.obj
         .\Debug_episodic\physics_cannister.obj
         .\Debug_episodic\physics_fx.obj
         .\Debug_episodic\physics_impact_damage.obj
         .\Debug_episodic\physics_main.obj
         .\Debug_episodic\physics_main_shared.obj
         .\Debug_episodic\physics_npc_solver.obj
         .\Debug_episodic\physics_prop_ragdoll.obj
         .\Debug_episodic\physics_saverestore.obj
         .\Debug_episodic\physics_shared.obj
         .\Debug_episodic\physobj.obj
         .\Debug_episodic\player.obj
         .\Debug_episodic\player_command.obj
         .\Debug_episodic\player_lagcompensation.obj
         .\Debug_episodic\player_pickup.obj
         .\Debug_episodic\player_resource.obj
         .\Debug_episodic\playerinfomanager.obj
         .\Debug_episodic\playerlocaldata.obj
         .\Debug_episodic\plugin_check.obj
         .\Debug_episodic\point_bonusmaps_accessor.obj
         .\Debug_episodic\point_camera.obj
         .\Debug_episodic\point_devshot_camera.obj
         .\Debug_episodic\point_playermoveconstraint.obj
         .\Debug_episodic\point_posecontroller.obj
         .\Debug_episodic\point_spotlight.obj
         .\Debug_episodic\point_template.obj
         .\Debug_episodic\pointanglesensor.obj
         .\Debug_episodic\PointAngularVelocitySensor.obj
         .\Debug_episodic\pointhurt.obj
         .\Debug_episodic\pointteleport.obj
         .\Debug_episodic\precache_register.obj
         .\Debug_episodic\predictableid.obj
         .\Debug_episodic\props.obj
         .\Debug_episodic\props_shared.obj
         .\Debug_episodic\ragdoll_manager.obj
         .\Debug_episodic\ragdoll_shared.obj
         .\Debug_episodic\RagdollBoogie.obj
         .\Debug_episodic\randoverride.obj
         .\Debug_episodic\recipientfilter.obj
         .\Debug_episodic\registry.obj
         .\Debug_episodic\rope.obj
         .\Debug_episodic\rope_helpers.obj
         .\Debug_episodic\rope_physics.obj
         .\Debug_episodic\saverestore.obj
         .\Debug_episodic\saverestore_gamedll.obj
         .\Debug_episodic\SceneCache.obj
         .\Debug_episodic\sceneentity.obj
         .\Debug_episodic\sceneentity_shared.obj
         .\Debug_episodic\scratchpad3d.obj
         .\Debug_episodic\scratchpad_gamedll_helpers.obj
         .\Debug_episodic\ScratchPadUtils.obj
         .\Debug_episodic\scripted.obj
         .\Debug_episodic\scriptedtarget.obj
         .\Debug_episodic\sendproxy.obj
         .\Debug_episodic\sequence_Transitioner.obj
         .\Debug_episodic\server_class.obj
         .\Debug_episodic\serverbenchmark_base.obj
         .\Debug_episodic\ServerNetworkProperty.obj
         .\Debug_episodic\shadowcontrol.obj
         .\Debug_episodic\sheetsimulator.obj
         .\Debug_episodic\simple_physics.obj
         .\Debug_episodic\simtimer.obj
         .\Debug_episodic\singleplay_gamerules.obj
         .\Debug_episodic\SkyCamera.obj
         .\Debug_episodic\slideshow_display.obj
         .\Debug_episodic\sound.obj
         .\Debug_episodic\SoundEmitterSystem.obj
         .\Debug_episodic\soundent.obj
         .\Debug_episodic\soundenvelope.obj
         .\Debug_episodic\SoundParametersInternal.obj
         .\Debug_episodic\soundscape.obj
         .\Debug_episodic\soundscape_system.obj
         .\Debug_episodic\spotlightend.obj
         .\Debug_episodic\Sprite.obj
         .\Debug_episodic\sprite_perfmonitor.obj
         .\Debug_episodic\stringregistry.obj
         .\Debug_episodic\studio.obj
         .\Debug_episodic\studio_shared.obj
         .\Debug_episodic\subs.obj
         .\Debug_episodic\sun.obj
         .\Debug_episodic\survival_gamerules.obj
         .\Debug_episodic\takedamageinfo.obj
         .\Debug_episodic\tanktrain.obj
         .\Debug_episodic\team.obj
         .\Debug_episodic\team_spawnpoint.obj
         .\Debug_episodic\teamplay_gamerules.obj
         .\Debug_episodic\TemplateEntities.obj
         .\Debug_episodic\tempmonster.obj
         .\Debug_episodic\tesla.obj
         .\Debug_episodic\test_ehandle.obj
         .\Debug_episodic\test_proxytoggle.obj
         .\Debug_episodic\test_stressentities.obj
         .\Debug_episodic\testfunctions.obj
         .\Debug_episodic\testtraceline.obj
         .\Debug_episodic\textstatsmgr.obj
         .\Debug_episodic\timedeventmgr.obj
         .\Debug_episodic\trains.obj
         .\Debug_episodic\triggers.obj
         .\Debug_episodic\usercmd.obj
         .\Debug_episodic\util.obj
         .\Debug_episodic\util_shared.obj
         .\Debug_episodic\variant_t.obj
         .\Debug_episodic\vehicle_base.obj
         .\Debug_episodic\vehicle_baseserver.obj
         .\Debug_episodic\vehicle_choreo_generic.obj
         .\Debug_episodic\vehicle_viewblend_shared.obj
         .\Debug_episodic\vguiscreen.obj
         .\Debug_episodic\voice_gamemgr.obj
         .\Debug_episodic\waterbullet.obj
         .\Debug_episodic\WaterLODControl.obj
         .\Debug_episodic\wcedit.obj
         .\Debug_episodic\weapon_parse.obj
         .\Debug_episodic\weapon_parse_default.obj
         .\Debug_episodic\weapon_proficiency.obj
         .\Debug_episodic\weight_button.obj
         .\Debug_episodic\world.obj
         .\Debug_episodic\stdafx.obj
         .\Debug_episodic\basetempentity.obj
         .\Debug_episodic\event_tempentity_tester.obj
         .\Debug_episodic\movie_explosion.obj
         .\Debug_episodic\particle_fire.obj
         .\Debug_episodic\particle_smokegrenade.obj
         .\Debug_episodic\plasma.obj
         .\Debug_episodic\smoke_trail.obj
         .\Debug_episodic\smokestack.obj
         .\Debug_episodic\SpriteTrail.obj
         .\Debug_episodic\steamjet.obj
         .\Debug_episodic\te.obj
         .\Debug_episodic\te_armorricochet.obj
         .\Debug_episodic\te_basebeam.obj
         .\Debug_episodic\te_beamentpoint.obj
         .\Debug_episodic\te_beaments.obj
         .\Debug_episodic\te_beamfollow.obj
         .\Debug_episodic\te_beamlaser.obj
         .\Debug_episodic\te_beampoints.obj
         .\Debug_episodic\te_beamring.obj
         .\Debug_episodic\te_beamringpoint.obj
         .\Debug_episodic\te_beamspline.obj
         .\Debug_episodic\te_bloodsprite.obj
         .\Debug_episodic\te_bloodstream.obj
         .\Debug_episodic\te_breakmodel.obj
         .\Debug_episodic\te_bspdecal.obj
         .\Debug_episodic\te_bubbles.obj
         .\Debug_episodic\te_bubbletrail.obj
         .\Debug_episodic\te_clientprojectile.obj
         .\Debug_episodic\te_decal.obj
         .\Debug_episodic\te_dynamiclight.obj
         .\Debug_episodic\te_effect_dispatch.obj
         .\Debug_episodic\te_energysplash.obj
         .\Debug_episodic\te_explosion.obj
         .\Debug_episodic\te_fizz.obj
         .\Debug_episodic\te_footprintdecal.obj
         .\Debug_episodic\te_gaussexplosion.obj
         .\Debug_episodic\te_glassshatter.obj
         .\Debug_episodic\te_glowsprite.obj
         .\Debug_episodic\te_impact.obj
         .\Debug_episodic\te_killplayerattachments.obj
         .\Debug_episodic\te_largefunnel.obj
         .\Debug_episodic\te_muzzleflash.obj
         .\Debug_episodic\te_particlesystem.obj
         .\Debug_episodic\te_physicsprop.obj
         .\Debug_episodic\te_playerdecal.obj
         .\Debug_episodic\te_projecteddecal.obj
         .\Debug_episodic\te_showline.obj
         .\Debug_episodic\te_smoke.obj
         .\Debug_episodic\te_sparks.obj
         .\Debug_episodic\te_sprite.obj
         .\Debug_episodic\te_spritespray.obj
         .\Debug_episodic\te_worlddecal.obj
         .\Debug_episodic\usermessages.obj
         .\Debug_episodic\ai_allymanager.obj
         .\Debug_episodic\ai_behavior_actbusy.obj
         .\Debug_episodic\ai_behavior_alyx_injured.obj
         .\Debug_episodic\ai_behavior_functank.obj
         .\Debug_episodic\ai_behavior_holster.obj
         .\Debug_episodic\ai_behavior_operator.obj
         .\Debug_episodic\ai_behavior_passenger.obj
         .\Debug_episodic\ai_behavior_passenger_companion.obj
         .\Debug_episodic\ai_behavior_passenger_zombie.obj
         .\Debug_episodic\ai_behavior_police.obj
         .\Debug_episodic\ai_goal_police.obj
         .\Debug_episodic\ai_spotlight.obj
         .\Debug_episodic\antlion_dust.obj
         .\Debug_episodic\antlion_maker.obj
         .\Debug_episodic\ar2_explosion.obj
         .\Debug_episodic\basebludgeonweapon.obj
         .\Debug_episodic\basehlcombatweapon.obj
         .\Debug_episodic\basehlcombatweapon_shared.obj
         .\Debug_episodic\cbasehelicopter.obj
         .\Debug_episodic\cbasespriteprojectile.obj
         .\Debug_episodic\citadel_effects.obj
         .\Debug_episodic\combine_mine.obj
         .\Debug_episodic\env_alyxemp.obj
         .\Debug_episodic\env_headcrabcanister.obj
         .\Debug_episodic\env_headcrabcanister_shared.obj
         .\Debug_episodic\env_speaker.obj
         .\Debug_episodic\env_starfield.obj
         .\Debug_episodic\ep1_gamestats.obj
         .\Debug_episodic\ep2_gamestats.obj
         .\Debug_episodic\func_bulletshield.obj
         .\Debug_episodic\Func_Monitor.obj
         .\Debug_episodic\func_recharge.obj
         .\Debug_episodic\func_tank.obj
         .\Debug_episodic\grenade_ar2.obj
         .\Debug_episodic\grenade_bugbait.obj
         .\Debug_episodic\grenade_frag.obj
         .\Debug_episodic\grenade_spit.obj
         .\Debug_episodic\hl2_ai_network.obj
         .\Debug_episodic\hl2_client.obj
         .\Debug_episodic\hl2_eventlog.obj
         .\Debug_episodic\hl2_gamerules.obj
         .\Debug_episodic\hl2_player.obj
         .\Debug_episodic\hl2_playerlocaldata.obj
         .\Debug_episodic\hl2_triggers.obj
         .\Debug_episodic\hl2_usermessages.obj
         .\Debug_episodic\hl_gamemovement.obj
         .\Debug_episodic\hl_playermove.obj
         .\Debug_episodic\info_darknessmode_lightsource.obj
         .\Debug_episodic\info_teleporter_countdown.obj
         .\Debug_episodic\item_ammo.obj
         .\Debug_episodic\item_battery.obj
         .\Debug_episodic\item_dynamic_resupply.obj
         .\Debug_episodic\item_healthkit.obj
         .\Debug_episodic\item_itemcrate.obj
         .\Debug_episodic\item_suit.obj
         .\Debug_episodic\look_door.obj
         .\Debug_episodic\monster_dummy.obj
         .\Debug_episodic\npc_advisor.obj
         .\Debug_episodic\npc_alyx_episodic.obj
         .\Debug_episodic\npc_antlion.obj
         .\Debug_episodic\npc_antliongrub.obj
         .\Debug_episodic\npc_antlionguard.obj
         .\Debug_episodic\npc_apcdriver.obj
         .\Debug_episodic\npc_attackchopper.obj
         .\Debug_episodic\npc_barnacle.obj
         .\Debug_episodic\npc_barney.obj
         .\Debug_episodic\npc_basescanner.obj
         .\Debug_episodic\npc_BaseZombie.obj
         .\Debug_episodic\npc_breen.obj
         .\Debug_episodic\npc_bullseye.obj
         .\Debug_episodic\npc_citizen17.obj
         .\Debug_episodic\npc_combine.obj
         .\Debug_episodic\npc_combine_cannon.obj
         .\Debug_episodic\npc_combinecamera.obj
         .\Debug_episodic\npc_combinedropship.obj
         .\Debug_episodic\npc_combinegunship.obj
         .\Debug_episodic\npc_combines.obj
         .\Debug_episodic\npc_cranedriver.obj
         .\Debug_episodic\npc_crow.obj
         .\Debug_episodic\npc_dog.obj
         .\Debug_episodic\npc_eli.obj
         .\Debug_episodic\npc_enemyfinder.obj
         .\Debug_episodic\npc_fastzombie.obj
         .\Debug_episodic\npc_fisherman.obj
         .\Debug_episodic\npc_gman.obj
         .\Debug_episodic\npc_headcrab.obj
         .\Debug_episodic\npc_hunter.obj
         .\Debug_episodic\npc_ichthyosaur.obj
         .\Debug_episodic\npc_kleiner.obj
         .\Debug_episodic\npc_launcher.obj
         .\Debug_episodic\npc_magnusson.obj
         .\Debug_episodic\npc_manhack.obj
         .\Debug_episodic\npc_metropolice.obj
         .\Debug_episodic\npc_monk.obj
         .\Debug_episodic\npc_mossman.obj
         .\Debug_episodic\npc_playercompanion.obj
         .\Debug_episodic\npc_PoisonZombie.obj
         .\Debug_episodic\npc_puppet.obj
         .\Debug_episodic\npc_rollermine.obj
         .\Debug_episodic\npc_scanner.obj
         .\Debug_episodic\npc_stalker.obj
         .\Debug_episodic\npc_strider.obj
         .\Debug_episodic\npc_talker.obj
         .\Debug_episodic\npc_turret_ceiling.obj
         .\Debug_episodic\npc_turret_floor.obj
         .\Debug_episodic\npc_turret_ground.obj
         .\Debug_episodic\npc_vortigaunt_episodic.obj
         .\Debug_episodic\npc_zombie.obj
         .\Debug_episodic\npc_zombine.obj
         .\Debug_episodic\point_apc_controller.obj
         .\Debug_episodic\prop_combine_ball.obj
         .\Debug_episodic\prop_scalable.obj
         .\Debug_episodic\prop_thumper.obj
         .\Debug_episodic\proto_sniper.obj
         .\Debug_episodic\rotorwash.obj
         .\Debug_episodic\script_intro.obj
         .\Debug_episodic\script_intro_shared.obj
         .\Debug_episodic\vehicle_airboat.obj
         .\Debug_episodic\vehicle_cannon.obj
         .\Debug_episodic\vehicle_crane.obj
         .\Debug_episodic\vehicle_hl2buggy.obj
         .\Debug_episodic\vehicle_jeep.obj
         .\Debug_episodic\vehicle_jeep_episodic.obj
         .\Debug_episodic\vehicle_prisoner_pod.obj
         .\Debug_episodic\vehicle_viewcontroller.obj
         .\Debug_episodic\weapon_357.obj
         .\Debug_episodic\weapon_alyxgun.obj
         .\Debug_episodic\weapon_annabelle.obj
         .\Debug_episodic\weapon_ar2.obj
         .\Debug_episodic\weapon_bugbait.obj
         .\Debug_episodic\weapon_citizenpackage.obj
         .\Debug_episodic\weapon_crossbow.obj
         .\Debug_episodic\weapon_crowbar.obj
         .\Debug_episodic\weapon_cubemap.obj
         .\Debug_episodic\weapon_frag.obj
         .\Debug_episodic\weapon_physcannon.obj
         .\Debug_episodic\weapon_pistol.obj
         .\Debug_episodic\weapon_rpg.obj
         .\Debug_episodic\weapon_shotgun.obj
         .\Debug_episodic\weapon_smg1.obj
         .\Debug_episodic\weapon_striderbuster.obj
         .\Debug_episodic\weapon_stunstick.obj
         .\Debug_episodic\grenade_beam.obj
         .\Debug_episodic\grenade_homer.obj
         .\Debug_episodic\grenade_pathfollower.obj
         .\Debug_episodic\npc_missiledefense.obj
         .\Debug_episodic\vehicle_apc.obj
         .\Debug_episodic\weapon_cguard.obj
         .\Debug_episodic\weapon_flaregun.obj
         .\Debug_episodic\entity_tools_server.obj
         .\Debug_episodic\toolframework_server.obj
         ..\..\lib\public\choreoobjects.lib
         ..\..\lib\public\dmxloader.lib
         ..\..\lib\public\mathlib.lib
         ..\..\lib\public\Particles.lib
         ..\..\lib\public\steam_api.lib
         ..\..\lib\public\tier0.lib
         ..\..\lib\public\tier1.lib
         ..\..\lib\public\tier2.lib
         ..\..\lib\public\tier3.lib
         ..\..\lib\public\vstdlib.lib
         server_episodic-2005.vcxproj -> C:\DeadSilent\src\game\server\.\Debug_episodic\server.dll
       CustomBuildStep:
         Description: Copying to c:\program files (x86)\steam\steamapps\SourceMods\deadsilent\bin\
         if exist "c:\program files (x86)\steam\steamapps\SourceMods\deadsilent\bin\server.dll" attrib -r "c:\program files (x86)\steam\steamapps\SourceMods\deadsilent\bin\server.dll"
         if exist "C:\DeadSilent\src\game\server\Debug_episodic\"server.dll copy "C:\DeadSilent\src\game\server\Debug_episodic\"server.dll "c:\program files (x86)\steam\steamapps\SourceMods\deadsilent\bin\server.dll"
         
         :VCEnd
                 1 file(s) copied.
       FinalizeBuildStatus:
         Deleting file ".\Debug_episodic\Server Episodic.unsuccessfulbuild".
         Touching ".\Debug_episodic\Server Episodic.lastbuildstate".
     1>Done Building Project "C:\DeadSilent\src\game\server\server_episodic-2005.vcxproj" (build target(s)).

Build succeeded.

Time Elapsed 00:03:43.87
